Flutter crash report; please file at https://github.com/flutter/flutter/issues.

## command

flutter run

## exception

String: Exit code 1 from: C:\git\program\Android\android-sdk\platform-tools\adb -s emulator-5554 shell am start -a android.intent.action.RUN -f 0x20000000 --ez enable-background-compilation true --ez enable-dart-profiling true --ez enable-checked-mode true com.example.rajd/com.example.rajd.MainActivity:
* daemon not running; starting now at tcp:5037
could not read ok from ADB Server
* failed to start daemon
error: cannot connect to daemon

```
#0      runCheckedAsync (package:flutter_tools/src/base/process.dart:249)
<asynchronous suspension>
#1      AndroidDevice.startApp (package:flutter_tools/src/android/android_device.dart:438)
<asynchronous suspension>
#2      FlutterDevice.runHot (package:flutter_tools/src/resident_runner.dart:289)
<asynchronous suspension>
#3      HotRunner.run (package:flutter_tools/src/run_hot.dart:216)
<asynchronous suspension>
#4      RunCommand.runCommand (package:flutter_tools/src/commands/run.dart:395)
<asynchronous suspension>
#5      FlutterCommand.verifyThenRunCommand (package:flutter_tools/src/runner/flutter_command.dart:344)
<asynchronous suspension>
#6      FlutterCommand.run.<anonymous closure> (package:flutter_tools/src/runner/flutter_command.dart:279)
<asynchronous suspension>
#7      AppContext.run.<anonymous closure> (package:flutter_tools/src/base/context.dart:142)
<asynchronous suspension>
#8      _rootRun (dart:async/zone.dart:1126)
#9      _CustomZone.run (dart:async/zone.dart:1023)
#10     runZoned (dart:async/zone.dart:1501)
#11     AppContext.run (package:flutter_tools/src/base/context.dart:141)
<asynchronous suspension>
#12     FlutterCommand.run (package:flutter_tools/src/runner/flutter_command.dart:270)
#13     CommandRunner.runCommand (package:args/command_runner.dart:194)
<asynchronous suspension>
#14     FlutterCommandRunner.runCommand.<anonymous closure> (package:flutter_tools/src/runner/flutter_command_runner.dart:309)
<asynchronous suspension>
#15     AppContext.run.<anonymous closure> (package:flutter_tools/src/base/context.dart:142)
<asynchronous suspension>
#16     _rootRun (dart:async/zone.dart:1126)
#17     _CustomZone.run (dart:async/zone.dart:1023)
#18     runZoned (dart:async/zone.dart:1501)
#19     AppContext.run (package:flutter_tools/src/base/context.dart:141)
<asynchronous suspension>
#20     FlutterCommandRunner.runCommand (package:flutter_tools/src/runner/flutter_command_runner.dart:265)
<asynchronous suspension>
#21     CommandRunner.run.<anonymous closure> (package:args/command_runner.dart:109)
#22     new Future.sync (dart:async/future.dart:222)
#23     CommandRunner.run (package:args/command_runner.dart:109)
#24     FlutterCommandRunner.run (package:flutter_tools/src/runner/flutter_command_runner.dart:174)
#25     run.<anonymous closure> (package:flutter_tools/runner.dart:59)
<asynchronous suspension>
#26     AppContext.run.<anonymous closure> (package:flutter_tools/src/base/context.dart:142)
<asynchronous suspension>
#27     _rootRun (dart:async/zone.dart:1126)
#28     _CustomZone.run (dart:async/zone.dart:1023)
#29     runZoned (dart:async/zone.dart:1501)
#30     AppContext.run (package:flutter_tools/src/base/context.dart:141)
<asynchronous suspension>
#31     runInContext (package:flutter_tools/src/context_runner.dart:43)
<asynchronous suspension>
#32     run (package:flutter_tools/runner.dart:50)
#33     main (package:flutter_tools/executable.dart:49)
<asynchronous suspension>
#34     main (file:///c:/git/program/flutter/packages/flutter_tools/bin/flutter_tools.dart:8)
#35     _startIsolate.<anonymous closure> (dart:isolate-patch/dart:isolate/isolate_patch.dart:277)
#36     _RawReceivePortImpl._handleMessage (dart:isolate-patch/dart:isolate/isolate_patch.dart:165)
```

## flutter doctor

```
[✓] Flutter (Channel beta, v0.5.1, on Microsoft Windows [Version 10.0.17134.165], locale sv-SE)
    • Flutter version 0.5.1 at c:\git\program\flutter
    • Framework revision c7ea3ca377 (8 weeks ago), 2018-05-29 21:07:33 +0200
    • Engine revision 1ed25ca7b7
    • Dart version 2.0.0-dev.58.0.flutter-f981f09760

[✓] Android toolchain - develop for Android devices (Android SDK 27.0.3)
    • Android SDK at C:\git\program\Android\android-sdk
    • Android NDK location not configured (optional; useful for native profiling support)
    • Platform android-28, build-tools 27.0.3
    • ANDROID_HOME = C:\git\program\Android\android-sdk
    • Java binary at: C:\git\program\Android\Android Studio\jre\bin\java
    • Java version OpenJDK Runtime Environment (build 1.8.0_152-release-1024-b02)
    • All Android licenses accepted.

[✓] Android Studio (version 3.1)
    • Android Studio at C:\git\program\Android\Android Studio
    ✗ Flutter plugin not installed; this adds Flutter specific functionality.
    ✗ Dart plugin not installed; this adds Dart specific functionality.
    • Java version OpenJDK Runtime Environment (build 1.8.0_152-release-1024-b02)

[✓] Connected devices (1 available)
    • Android SDK built for x86 • emulator-5554 • android-x86 • Android 9 (API 28) (emulator)

• No issues found!
```
